<?xml version="1.0" encoding="UTF-8"?>
<!-- Generated by org.testng.reporters.JUnitXMLReporter -->
<testsuite hostname="DESKTOP-TRAAF87" ignored="0" name="Surefire test" tests="3" failures="0" timestamp="18 Nov 2021 03:17:22 GMT" time="0.05" errors="0">
  <testcase name="test1" time="0.009" classname="mavensample.FirstTest"/>
  <testcase name="test2" time="0.001" classname="mavensample.FirstTest"/>
  <testcase name="test3" time="0.001" classname="mavensample.FirstTest"/>
</testsuite> <!-- Surefire test -->
