<?xml version="1.0" encoding="UTF-8"?>
<!-- Generated by org.testng.reporters.JUnitXMLReporter -->
<testsuite hostname="DESKTOP-TRAAF87" ignored="0" name="Command line test" tests="3" failures="0" timestamp="17 Nov 2021 07:01:50 GMT" time="0.091" errors="0">
  <testcase name="test1" time="0.016" classname="mavensample.FirstTest"/>
  <testcase name="test2" time="0.001" classname="mavensample.FirstTest"/>
  <testcase name="test3" time="0.0" classname="mavensample.FirstTest"/>
</testsuite> <!-- Command line test -->
