<?xml version="1.0" encoding="UTF-8"?>
<testng-results skipped="0" failed="0" ignored="0" total="3" passed="3">
  <reporter-output>
  </reporter-output>
  <suite name="Surefire suite" duration-ms="50" started-at="2021-11-18T03:17:22Z" finished-at="2021-11-18T03:17:22Z">
    <groups>
    </groups>
    <test name="Surefire test" duration-ms="50" started-at="2021-11-18T03:17:22Z" finished-at="2021-11-18T03:17:22Z">
      <class name="mavensample.FirstTest">
        <test-method status="PASS" signature="test1()[pri:0, instance:mavensample.FirstTest@61dc03ce]" name="test1" duration-ms="9" started-at="2021-11-18T03:17:22Z" finished-at="2021-11-18T03:17:22Z">
          <reporter-output>
          </reporter-output>
        </test-method> <!-- test1 -->
        <test-method status="PASS" signature="test2()[pri:0, instance:mavensample.FirstTest@61dc03ce]" name="test2" duration-ms="1" started-at="2021-11-18T03:17:22Z" finished-at="2021-11-18T03:17:22Z">
          <reporter-output>
          </reporter-output>
        </test-method> <!-- test2 -->
        <test-method status="PASS" signature="test3()[pri:0, instance:mavensample.FirstTest@61dc03ce]" name="test3" duration-ms="1" started-at="2021-11-18T03:17:22Z" finished-at="2021-11-18T03:17:22Z">
          <reporter-output>
          </reporter-output>
        </test-method> <!-- test3 -->
      </class> <!-- mavensample.FirstTest -->
    </test> <!-- Surefire test -->
  </suite> <!-- Surefire suite -->
</testng-results>
